2017-07-27 21:22:18,926 [Thread-2:5944] [blog.views:38] [views:collection_time] [ERROR]- 'QuerySet' object has no attribute 'collect_count'
2017-07-27 21:23:09,930 [Thread-6:7136] [blog.views:38] [views:collection_time] [ERROR]- 'QuerySet' object has no attribute 'collect_count'
2017-07-27 21:23:14,760 [Thread-2:7776] [blog.views:38] [views:collection_time] [ERROR]- 'QuerySet' object has no attribute 'collect_count'
2017-07-27 21:23:16,348 [Thread-4:4340] [blog.views:38] [views:collection_time] [ERROR]- 'QuerySet' object has no attribute 'collect_count'
2017-07-27 21:23:18,213 [Thread-6:6184] [blog.views:38] [views:collection_time] [ERROR]- 'QuerySet' object has no attribute 'collect_count'
2017-07-27 21:23:19,194 [Thread-8:6280] [blog.views:38] [views:collection_time] [ERROR]- 'QuerySet' object has no attribute 'collect_count'
2017-07-27 21:23:20,042 [Thread-10:3840] [blog.views:38] [views:collection_time] [ERROR]- 'QuerySet' object has no attribute 'collect_count'
2017-07-27 21:23:22,378 [Thread-12:7396] [blog.views:38] [views:collection_time] [ERROR]- 'QuerySet' object has no attribute 'collect_count'
2017-07-27 21:23:22,799 [Thread-14:3036] [blog.views:38] [views:collection_time] [ERROR]- 'QuerySet' object has no attribute 'collect_count'
2017-07-27 21:23:23,559 [Thread-16:1792] [blog.views:38] [views:collection_time] [ERROR]- 'QuerySet' object has no attribute 'collect_count'
2017-07-27 21:23:23,983 [Thread-18:7176] [blog.views:38] [views:collection_time] [ERROR]- 'QuerySet' object has no attribute 'collect_count'
2017-07-27 21:23:36,890 [Thread-20:2096] [blog.views:38] [views:collection_time] [ERROR]- 'QuerySet' object has no attribute 'collect_count'
2017-07-28 09:52:40,282 [Thread-4:6052] [blog.views:38] [views:collection_time] [ERROR]- 'QuerySet' object has no attribute 'collect_count'
2017-07-28 10:13:23,510 [Thread-2:6464] [blog.views:40] [views:collection_time] [ERROR]- 'QuerySet' object has no attribute 'collect_count'
2017-07-28 10:13:28,265 [Thread-5:1336] [blog.views:40] [views:collection_time] [ERROR]- 'QuerySet' object has no attribute 'collect_count'
2017-07-28 10:15:33,181 [Thread-3:6036] [blog.views:41] [views:collection_time] [ERROR]- 'QuerySet' object has no attribute 'collect_count'
2017-07-28 10:17:10,911 [Thread-6:6920] [blog.views:41] [views:collection_time] [ERROR]- 'QuerySet' object has no attribute 'collect_count'
2017-07-28 10:17:32,984 [Thread-4:5944] [blog.views:41] [views:collection_time] [ERROR]- 'QuerySet' object has no attribute 'collect_count'
2017-07-28 10:18:04,141 [Thread-2:5216] [blog.views:41] [views:collection_time] [ERROR]- 'QuerySet' object has no attribute 'collect_count'
2017-07-28 10:19:32,440 [Thread-2:5968] [blog.views:41] [views:collection_time] [ERROR]- 'ArticleManager' object has no attribute 'filter_by'
2017-07-28 10:19:34,252 [Thread-5:6540] [blog.views:41] [views:collection_time] [ERROR]- 'ArticleManager' object has no attribute 'filter_by'
2017-07-28 10:21:44,661 [Thread-8:6164] [blog.views:41] [views:collection_time] [ERROR]- 'ArticleManager' object has no attribute 'filter_by'
2017-07-28 10:21:50,555 [Thread-4:5348] [blog.views:41] [views:collection_time] [ERROR]- 'QuerySet' object has no attribute 'collect_count'
2017-07-28 10:21:53,046 [Thread-8:6240] [blog.views:41] [views:collection_time] [ERROR]- 'QuerySet' object has no attribute 'collect_count'
2017-07-28 10:23:24,415 [Thread-2:6896] [blog.views:41] [views:collection_time] [ERROR]- 'QuerySet' object has no attribute 'collect_count'
2017-07-28 10:23:28,358 [Thread-5:6756] [blog.views:41] [views:collection_time] [ERROR]- 'QuerySet' object has no attribute 'collect_count'
2017-07-28 10:25:45,497 [Thread-2:6380] [blog.views:41] [views:collection_time] [ERROR]- int() argument must be a string or a number, not 'QuerySet'
2017-07-28 10:26:36,759 [Thread-2:3400] [blog.views:42] [views:collection_time] [ERROR]- 'QuerySet' object has no attribute 'collect_count'
2017-07-28 10:27:31,016 [Thread-2:6356] [blog.views:42] [views:collection_time] [ERROR]- 
2017-07-28 10:29:35,815 [Thread-2:6140] [blog.views:42] [views:collection_time] [ERROR]- 'QuerySet' object has no attribute 'collect_count'
2017-07-28 10:30:19,770 [Thread-2:6540] [blog.views:42] [views:collection_time] [ERROR]- int() argument must be a string or a number, not 'QuerySet'
2017-07-31 19:29:05,303 [Thread-2:7008] [blog.views:77] [views:blog_detail] [ERROR]- 'QuerySet' object has no attribute 'click_count'
2017-07-31 19:29:23,645 [Thread-8:6940] [blog.views:77] [views:blog_detail] [ERROR]- 'QuerySet' object has no attribute 'click_count'
2017-07-31 19:29:27,677 [Thread-13:3376] [blog.views:77] [views:blog_detail] [ERROR]- 'QuerySet' object has no attribute 'click_count'
2017-07-31 19:29:30,334 [Thread-20:7900] [blog.views:77] [views:blog_detail] [ERROR]- 'QuerySet' object has no attribute 'click_count'
2017-07-31 19:29:33,931 [Thread-25:6452] [blog.views:77] [views:blog_detail] [ERROR]- 'QuerySet' object has no attribute 'click_count'
2017-07-31 19:30:22,532 [Thread-7:6296] [blog.views:77] [views:blog_detail] [ERROR]- 'QuerySet' object has no attribute 'click_count'
2017-07-31 20:53:50,553 [Thread-10:2136] [blog.views:97] [views:comment_post] [ERROR]- 'username' is an invalid keyword argument for this function
2017-07-31 20:58:36,836 [Thread-3:7784] [blog.views:97] [views:comment_post] [ERROR]- 'username' is an invalid keyword argument for this function
2017-07-31 21:00:21,230 [Thread-3:1232] [blog.views:97] [views:comment_post] [ERROR]- Cannot assign "u'11'": "Comment.article" must be a "Article" instance.
2017-07-31 21:01:49,470 [Thread-3:7976] [blog.views:97] [views:comment_post] [ERROR]- Cannot assign "1": "Comment.user" must be a "User" instance.
2017-07-31 21:04:34,282 [Thread-9:6132] [blog.views:97] [views:comment_post] [ERROR]- Cannot assign "u'11'": "Comment.article" must be a "Article" instance.
2017-07-31 21:07:52,869 [Thread-3:1920] [blog.views:98] [views:comment_post] [ERROR]- Cannot assign "u'11'": "Comment.article" must be a "Article" instance.
2017-07-31 21:08:27,019 [Thread-5:5660] [blog.views:98] [views:comment_post] [ERROR]- Cannot assign "u'11'": "Comment.article" must be a "Article" instance.
2017-07-31 21:09:20,617 [Thread-9:6296] [blog.views:98] [views:comment_post] [ERROR]- Cannot assign "u'11'": "Comment.article" must be a "Article" instance.
2017-07-31 21:10:50,489 [Thread-3:1920] [blog.views:98] [views:comment_post] [ERROR]- Cannot assign "'1'": "Comment.user" must be a "User" instance.
2017-07-31 21:11:16,930 [Thread-7:5892] [blog.views:98] [views:comment_post] [ERROR]- Cannot assign "'1'": "Comment.user" must be a "User" instance.
2017-08-01 17:58:47,582 [Thread-19:6300] [blog.views:129] [views:child_comment_post] [ERROR]- (1048, u"Column 'content' cannot be null")
2017-08-01 18:00:33,105 [Thread-10:7452] [blog.views:129] [views:child_comment_post] [ERROR]- (1048, u"Column 'content' cannot be null")
2017-08-01 19:35:13,232 [Thread-8:7960] [blog.views:95] [views:blog_detail] [ERROR]- 'Comment' object has no attribute 'children_comment'
2017-08-01 19:35:27,588 [Thread-13:8104] [blog.views:95] [views:blog_detail] [ERROR]- 'Comment' object has no attribute 'children_comment'
2017-08-01 19:35:30,132 [Thread-19:6528] [blog.views:95] [views:blog_detail] [ERROR]- 'Comment' object has no attribute 'children_comment'
2017-08-01 19:35:30,881 [Thread-23:7972] [blog.views:95] [views:blog_detail] [ERROR]- 'Comment' object has no attribute 'children_comment'
2017-08-01 19:35:34,542 [Thread-27:5012] [blog.views:95] [views:blog_detail] [ERROR]- 'Comment' object has no attribute 'children_comment'
2017-08-01 19:35:35,375 [Thread-31:5560] [blog.views:95] [views:blog_detail] [ERROR]- 'Comment' object has no attribute 'children_comment'
2017-08-01 19:38:13,178 [Thread-3:2092] [blog.views:95] [views:blog_detail] [ERROR]- 'Comment' object has no attribute 'children_comment'
2017-08-01 19:38:16,078 [Thread-7:8140] [blog.views:95] [views:blog_detail] [ERROR]- 'Comment' object has no attribute 'children_comment'
2017-08-01 19:38:51,928 [Thread-3:7252] [blog.views:95] [views:blog_detail] [ERROR]- 'Comment' object has no attribute 'children_comment'
2017-08-01 20:00:22,674 [Thread-7:6556] [blog.views:97] [views:blog_detail] [ERROR]- int() argument must be a string or a number, not 'NoneType'
2017-08-01 20:00:29,823 [Thread-11:7596] [blog.views:97] [views:blog_detail] [ERROR]- int() argument must be a string or a number, not 'NoneType'
2017-08-01 20:00:32,073 [Thread-15:5792] [blog.views:97] [views:blog_detail] [ERROR]- int() argument must be a string or a number, not 'NoneType'
2017-08-01 20:00:32,878 [Thread-19:5788] [blog.views:97] [views:blog_detail] [ERROR]- int() argument must be a string or a number, not 'NoneType'
2017-08-01 20:00:33,844 [Thread-23:8140] [blog.views:97] [views:blog_detail] [ERROR]- int() argument must be a string or a number, not 'NoneType'
2017-08-01 20:00:34,463 [Thread-27:6636] [blog.views:97] [views:blog_detail] [ERROR]- int() argument must be a string or a number, not 'NoneType'
2017-08-01 20:00:35,145 [Thread-34:5964] [blog.views:97] [views:blog_detail] [ERROR]- int() argument must be a string or a number, not 'NoneType'
2017-08-01 20:00:35,913 [Thread-38:6776] [blog.views:97] [views:blog_detail] [ERROR]- int() argument must be a string or a number, not 'NoneType'
2017-08-01 20:00:36,638 [Thread-42:6508] [blog.views:97] [views:blog_detail] [ERROR]- int() argument must be a string or a number, not 'NoneType'
2017-08-01 20:00:37,197 [Thread-46:2392] [blog.views:97] [views:blog_detail] [ERROR]- int() argument must be a string or a number, not 'NoneType'
2017-08-01 20:00:37,664 [Thread-50:6300] [blog.views:97] [views:blog_detail] [ERROR]- int() argument must be a string or a number, not 'NoneType'
2017-08-01 20:00:38,108 [Thread-54:7336] [blog.views:97] [views:blog_detail] [ERROR]- int() argument must be a string or a number, not 'NoneType'
2017-08-01 20:00:38,775 [Thread-58:6528] [blog.views:97] [views:blog_detail] [ERROR]- int() argument must be a string or a number, not 'NoneType'
